14:14:07.432 [restartedMain] INFO  c.u.UUSTOPApplication - [logStarting,50] - Starting UUSTOPApplication on DESKTOP-2769CBV with PID 15244 (E:\workpace\demo\hbsj\target\classes started by hqq in E:\workpace\demo\hbsj)
14:14:07.590 [restartedMain] INFO  c.u.UUSTOPApplication - [logStartupProfileInfo,684] - The following profiles are active: druid
14:14:16.759 [restartedMain] INFO  o.a.s.c.e.EhCacheManager - [getCache,158] - Cache with name 'com.uustop.framework.shiro.realm.UserRealm.authorizationCache' does not yet exist.  Creating now.
14:14:16.762 [restartedMain] INFO  o.a.s.c.e.EhCacheManager - [getCache,165] - Added EhCache named [com.uustop.framework.shiro.realm.UserRealm.authorizationCache]
14:14:19.503 [restartedMain] INFO  o.a.s.c.e.EhCacheManager - [getCache,169] - Using existing EHCache named [loginRecordCache]
14:14:22.290 [restartedMain] INFO  o.a.c.h.Http11NioProtocol - [log,180] - Initializing ProtocolHandler ["http-nio-80"]
14:14:22.326 [restartedMain] INFO  o.a.c.c.StandardService - [log,180] - Starting service [Tomcat]
14:14:22.327 [restartedMain] INFO  o.a.c.c.StandardEngine - [log,180] - Starting Servlet Engine: Apache Tomcat/8.5.34
14:14:22.355 [localhost-startStop-1] INFO  o.a.c.c.AprLifecycleListener - [log,180] - The APR based Apache Tomcat Native library which allows optimal performance in production environments was not found on the java.library.path: [D:\jdk8\bin;C:\WINDOWS\Sun\Java\bin;C:\WINDOWS\system32;C:\WINDOWS;D:\jdk8\jre\bin;D:/java8/bin/server;D:/java8/bin;D:/java8/lib/amd64;C:\Program Files (x86)\Common Files\Oracle\Java\javapath;C:\WINDOWS\system32;C:\WINDOWS;C:\WINDOWS\System32\Wbem;C:\WINDOWS\System32\WindowsPowerShell\v1.0\;D:\jdk8\bin;D:\apache-maven-3.3.9\bin;D:\tortoiseSVN\bin;E:\gradle\gradle-3.5\bin;E:\gradle\gradle-3.5\bin;D:\node\;E:\Git\cmd;C:\WINDOWS\System32\OpenSSH\;C:\Users\hqq\AppData\Local\Microsoft\WindowsApps;C:\Users\hqq\AppData\Roaming\npm;E:\Microsoft VS Code\bin;;D:\eclipse-oxygen;;.]
14:14:22.578 [localhost-startStop-1] INFO  o.a.c.c.C.[.[.[/] - [log,180] - Initializing Spring embedded WebApplicationContext
14:14:29.945 [restartedMain] INFO  s.d.s.w.PropertySourcedRequestMappingHandlerMapping - [initHandlerMethods,69] - Mapped URL path [/v2/api-docs] onto method [public org.springframework.http.ResponseEntity<springfox.documentation.spring.web.json.Json> springfox.documentation.swagger2.web.Swagger2Controller.getDocumentation(java.lang.String,javax.servlet.http.HttpServletRequest)]
14:14:32.290 [restartedMain] INFO  s.d.s.w.p.DocumentationPluginsBootstrapper - [start,147] - Context refreshed
14:14:32.336 [restartedMain] INFO  s.d.s.w.p.DocumentationPluginsBootstrapper - [start,150] - Found 1 custom documentation plugin(s)
14:14:32.764 [restartedMain] INFO  s.d.s.w.s.ApiListingReferenceScanner - [scan,41] - Scanning for api listing references
14:14:33.138 [restartedMain] INFO  s.d.s.w.r.o.CachingOperationNameGenerator - [startingWith,40] - Generating unique operation named: getActivityInfoUsingGET_1
14:14:33.143 [restartedMain] INFO  s.d.s.w.r.o.CachingOperationNameGenerator - [startingWith,40] - Generating unique operation named: getAllCateUsingGET_1
14:14:33.147 [restartedMain] INFO  s.d.s.w.r.o.CachingOperationNameGenerator - [startingWith,40] - Generating unique operation named: getAllGoodsUsingGET_1
14:14:33.234 [restartedMain] INFO  s.d.s.w.r.o.CachingOperationNameGenerator - [startingWith,40] - Generating unique operation named: getBrandInfoUsingGET_1
14:14:34.021 [restartedMain] INFO  o.a.c.h.Http11NioProtocol - [log,180] - Starting ProtocolHandler ["http-nio-80"]
14:14:34.150 [restartedMain] INFO  o.a.t.u.n.NioSelectorPool - [log,180] - Using a shared selector for servlet write/read
14:14:34.228 [restartedMain] INFO  c.u.UUSTOPApplication - [logStarted,59] - Started UUSTOPApplication in 28.529 seconds (JVM running for 31.583)
14:14:50.523 [http-nio-80-exec-10] INFO  o.a.t.u.h.p.Cookie - [log,180] - A cookie header was received [1544754679,1544857225] that contained an invalid cookie. That cookie will be ignored.Note: further occurrences of this error will be logged at DEBUG level.
14:14:50.541 [http-nio-80-exec-10] INFO  o.a.c.c.C.[.[.[/] - [log,180] - Initializing Spring FrameworkServlet 'dispatcherServlet'
14:14:50.674 [http-nio-80-exec-10] INFO  o.a.s.s.m.AbstractValidatingSessionManager - [enableSessionValidation,233] - Enabling session validation scheduler...
14:14:50.735 [http-nio-80-exec-10] INFO  o.a.s.c.e.EhCacheManager - [getCache,158] - Cache with name 'shiro-activeSessionCache' does not yet exist.  Creating now.
14:14:50.736 [http-nio-80-exec-10] INFO  o.a.s.c.e.EhCacheManager - [getCache,165] - Added EhCache named [shiro-activeSessionCache]
14:14:51.677 [pool-2-thread-1] INFO  c.u.f.s.w.s.OnlineWebSessionManager - [validateSessions,86] - invalidation sessions...
14:14:52.114 [pool-2-thread-1] INFO  c.a.d.p.DruidDataSource - [init,930] - {dataSource-1} inited
14:14:53.318 [pool-2-thread-1] INFO  c.u.f.s.w.s.OnlineWebSessionManager - [validateSessions,145] - Finished invalidation session. [1] sessions were stopped.
14:14:55.396 [pool-3-thread-1] INFO  sys-user - [run,108] - [127.0.0.1]内网IP[admin][Success][登录成功]
14:24:51.676 [pool-2-thread-1] INFO  c.u.f.s.w.s.OnlineWebSessionManager - [validateSessions,86] - invalidation sessions...
14:24:51.690 [pool-2-thread-1] INFO  c.u.f.s.w.s.OnlineWebSessionManager - [validateSessions,145] - Finished invalidation session. No sessions were stopped.
